2016-05-19 23:33:24 376 [Note] Plugin 'FEDERATED' is disabled.
2016-05-19 23:33:24 376 [Note] InnoDB: Using atomics to ref count buffer pool pages
2016-05-19 23:33:24 376 [Note] InnoDB: The InnoDB memory heap is disabled
2016-05-19 23:33:24 376 [Note] InnoDB: Mutexes and rw_locks use Windows interlocked functions
2016-05-19 23:33:24 376 [Note] InnoDB: Memory barrier is not used
2016-05-19 23:33:24 376 [Note] InnoDB: Compressed tables use zlib 1.2.3
2016-05-19 23:33:24 376 [Note] InnoDB: Not using CPU crc32 instructions
2016-05-19 23:33:24 376 [Note] InnoDB: Initializing buffer pool, size = 128.0M
2016-05-19 23:33:24 376 [Note] InnoDB: Completed initialization of buffer pool
2016-05-19 23:33:24 376 [Note] InnoDB: Highest supported file format is Barracuda.
2016-05-19 23:33:25 376 [Note] InnoDB: 128 rollback segment(s) are active.
2016-05-19 23:33:25 376 [Note] InnoDB: Waiting for purge to start
2016-05-19 23:33:25 376 [Note] InnoDB: 5.6.30 started; log sequence number 1625977
2016-05-19 23:33:25 376 [Warning] No existing UUID has been found, so we assume that this is the first time that this server has been started. Generating a new UUID: efad8f44-1e00-11e6-9682-bc5ff43cd8be.
2016-05-19 23:33:25 376 [Note] Server hostname (bind-address): '*'; port: 3306
2016-05-19 23:33:25 376 [Note] IPv6 is available.
2016-05-19 23:33:25 376 [Note]   - '::' resolves to '::';
2016-05-19 23:33:25 376 [Note] Server socket created on IP: '::'.
2016-05-19 23:33:25 376 [Note] Event Scheduler: Loaded 0 events
2016-05-19 23:33:25 376 [Note] MySQL: ready for connections.
Version: '5.6.30'  socket: ''  port: 3306  MySQL Community Server (GPL)
2016-05-20 01:19:57 376 [Note] MySQL: Normal shutdown

2016-05-20 01:19:57 376 [Note] Giving 0 client threads a chance to die gracefully
2016-05-20 01:19:57 376 [Note] Event Scheduler: Purging the queue. 0 events
2016-05-20 01:19:57 376 [Note] Shutting down slave threads
2016-05-20 01:19:57 376 [Note] Forcefully disconnecting 0 remaining clients
2016-05-20 01:19:57 376 [Note] Binlog end
2016-05-20 01:19:57 376 [Note] Shutting down plugin 'partition'
2016-05-20 01:19:57 376 [Note] Shutting down plugin 'PERFORMANCE_SCHEMA'
2016-05-20 01:19:57 376 [Note] Shutting down plugin 'INNODB_SYS_DATAFILES'
2016-05-20 01:19:57 376 [Note] Shutting down plugin 'INNODB_SYS_TABLESPACES'
2016-05-20 01:19:57 376 [Note] Shutting down plugin 'INNODB_SYS_FOREIGN_COLS'
2016-05-20 01:19:57 376 [Note] Shutting down plugin 'INNODB_SYS_FOREIGN'
2016-05-20 01:19:57 376 [Note] Shutting down plugin 'INNODB_SYS_FIELDS'
2016-05-20 01:19:57 376 [Note] Shutting down plugin 'INNODB_SYS_COLUMNS'
2016-05-20 01:19:57 376 [Note] Shutting down plugin 'INNODB_SYS_INDEXES'
2016-05-20 01:19:57 376 [Note] Shutting down plugin 'INNODB_SYS_TABLESTATS'
2016-05-20 01:19:57 376 [Note] Shutting down plugin 'INNODB_SYS_TABLES'
2016-05-20 01:19:57 376 [Note] Shutting down plugin 'INNODB_FT_INDEX_TABLE'
2016-05-20 01:19:57 376 [Note] Shutting down plugin 'INNODB_FT_INDEX_CACHE'
2016-05-20 01:19:57 376 [Note] Shutting down plugin 'INNODB_FT_CONFIG'
2016-05-20 01:19:57 376 [Note] Shutting down plugin 'INNODB_FT_BEING_DELETED'
2016-05-20 01:19:57 376 [Note] Shutting down plugin 'INNODB_FT_DELETED'
2016-05-20 01:19:57 376 [Note] Shutting down plugin 'INNODB_FT_DEFAULT_STOPWORD'
2016-05-20 01:19:57 376 [Note] Shutting down plugin 'INNODB_METRICS'
2016-05-20 01:19:57 376 [Note] Shutting down plugin 'INNODB_BUFFER_POOL_STATS'
2016-05-20 01:19:57 376 [Note] Shutting down plugin 'INNODB_BUFFER_PAGE_LRU'
2016-05-20 01:19:57 376 [Note] Shutting down plugin 'INNODB_BUFFER_PAGE'
2016-05-20 01:19:57 376 [Note] Shutting down plugin 'INNODB_CMP_PER_INDEX_RESET'
2016-05-20 01:19:57 376 [Note] Shutting down plugin 'INNODB_CMP_PER_INDEX'
2016-05-20 01:19:57 376 [Note] Shutting down plugin 'INNODB_CMPMEM_RESET'
2016-05-20 01:19:57 376 [Note] Shutting down plugin 'INNODB_CMPMEM'
2016-05-20 01:19:57 376 [Note] Shutting down plugin 'INNODB_CMP_RESET'
2016-05-20 01:19:57 376 [Note] Shutting down plugin 'INNODB_CMP'
2016-05-20 01:19:57 376 [Note] Shutting down plugin 'INNODB_LOCK_WAITS'
2016-05-20 01:19:57 376 [Note] Shutting down plugin 'INNODB_LOCKS'
2016-05-20 01:19:57 376 [Note] Shutting down plugin 'INNODB_TRX'
2016-05-20 01:19:57 376 [Note] Shutting down plugin 'InnoDB'
2016-05-20 01:19:57 376 [Note] InnoDB: FTS optimize thread exiting.
2016-05-20 01:19:57 376 [Note] InnoDB: Starting shutdown...
2016-05-20 01:19:59 376 [Note] InnoDB: Shutdown completed; log sequence number 1651548
2016-05-20 01:19:59 376 [Note] Shutting down plugin 'BLACKHOLE'
2016-05-20 01:19:59 376 [Note] Shutting down plugin 'ARCHIVE'
2016-05-20 01:19:59 376 [Note] Shutting down plugin 'MRG_MYISAM'
2016-05-20 01:19:59 376 [Note] Shutting down plugin 'MyISAM'
2016-05-20 01:19:59 376 [Note] Shutting down plugin 'MEMORY'
2016-05-20 01:19:59 376 [Note] Shutting down plugin 'CSV'
2016-05-20 01:19:59 376 [Note] Shutting down plugin 'sha256_password'
2016-05-20 01:19:59 376 [Note] Shutting down plugin 'mysql_old_password'
2016-05-20 01:19:59 376 [Note] Shutting down plugin 'mysql_native_password'
2016-05-20 01:19:59 376 [Note] Shutting down plugin 'binlog'
2016-05-20 01:19:59 376 [Note] MySQL: Shutdown complete

2016-05-20 19:05:03 4512 [Note] Plugin 'FEDERATED' is disabled.
2016-05-20 19:05:03 4512 [Note] InnoDB: Using atomics to ref count buffer pool pages
2016-05-20 19:05:03 4512 [Note] InnoDB: The InnoDB memory heap is disabled
2016-05-20 19:05:03 4512 [Note] InnoDB: Mutexes and rw_locks use Windows interlocked functions
2016-05-20 19:05:03 4512 [Note] InnoDB: Memory barrier is not used
2016-05-20 19:05:03 4512 [Note] InnoDB: Compressed tables use zlib 1.2.3
2016-05-20 19:05:03 4512 [Note] InnoDB: Not using CPU crc32 instructions
2016-05-20 19:05:03 4512 [Note] InnoDB: Initializing buffer pool, size = 128.0M
2016-05-20 19:05:03 4512 [Note] InnoDB: Completed initialization of buffer pool
2016-05-20 19:05:03 4512 [Note] InnoDB: Highest supported file format is Barracuda.
2016-05-20 19:05:04 4512 [Note] InnoDB: 128 rollback segment(s) are active.
2016-05-20 19:05:04 4512 [Note] InnoDB: Waiting for purge to start
2016-05-20 19:05:04 4512 [Note] InnoDB: 5.6.30 started; log sequence number 1651548
2016-05-20 19:05:04 4512 [Note] Server hostname (bind-address): '*'; port: 3306
2016-05-20 19:05:04 4512 [Note] IPv6 is available.
2016-05-20 19:05:04 4512 [Note]   - '::' resolves to '::';
2016-05-20 19:05:04 4512 [Note] Server socket created on IP: '::'.
2016-05-20 19:05:05 4512 [Note] Event Scheduler: Loaded 0 events
2016-05-20 19:05:06 4512 [Note] MySQL: ready for connections.
Version: '5.6.30'  socket: ''  port: 3306  MySQL Community Server (GPL)
2016-05-21 03:55:10 4512 [Note] MySQL: Normal shutdown

2016-05-21 03:55:10 4512 [Note] Giving 3 client threads a chance to die gracefully
2016-05-21 03:55:10 4512 [Note] Event Scheduler: Purging the queue. 0 events
2016-05-21 03:55:10 4512 [Note] Shutting down slave threads
2016-05-21 03:55:12 4512 [Note] Forcefully disconnecting 3 remaining clients
2016-05-21 03:55:12 4512 [Warning] MySQL: Forcing close of thread 147  user: 'root'

2016-05-21 03:55:12 4512 [Warning] MySQL: Forcing close of thread 154  user: 'root'

2016-05-21 03:55:12 4512 [Warning] MySQL: Forcing close of thread 164  user: 'root'

2016-05-21 03:55:12 4512 [Note] Binlog end
2016-05-21 03:55:12 4512 [Note] Shutting down plugin 'partition'
2016-05-21 03:55:12 4512 [Note] Shutting down plugin 'PERFORMANCE_SCHEMA'
2016-05-21 03:55:12 4512 [Note] Shutting down plugin 'INNODB_SYS_DATAFILES'
2016-05-21 03:55:12 4512 [Note] Shutting down plugin 'INNODB_SYS_TABLESPACES'
2016-05-21 03:55:12 4512 [Note] Shutting down plugin 'INNODB_SYS_FOREIGN_COLS'
2016-05-21 03:55:12 4512 [Note] Shutting down plugin 'INNODB_SYS_FOREIGN'
2016-05-21 03:55:12 4512 [Note] Shutting down plugin 'INNODB_SYS_FIELDS'
2016-05-21 03:55:12 4512 [Note] Shutting down plugin 'INNODB_SYS_COLUMNS'
2016-05-21 03:55:12 4512 [Note] Shutting down plugin 'INNODB_SYS_INDEXES'
2016-05-21 03:55:12 4512 [Note] Shutting down plugin 'INNODB_SYS_TABLESTATS'
2016-05-21 03:55:12 4512 [Note] Shutting down plugin 'INNODB_SYS_TABLES'
2016-05-21 03:55:12 4512 [Note] Shutting down plugin 'INNODB_FT_INDEX_TABLE'
2016-05-21 03:55:12 4512 [Note] Shutting down plugin 'INNODB_FT_INDEX_CACHE'
2016-05-21 03:55:12 4512 [Note] Shutting down plugin 'INNODB_FT_CONFIG'
2016-05-21 03:55:12 4512 [Note] Shutting down plugin 'INNODB_FT_BEING_DELETED'
2016-05-21 03:55:12 4512 [Note] Shutting down plugin 'INNODB_FT_DELETED'
2016-05-21 03:55:12 4512 [Note] Shutting down plugin 'INNODB_FT_DEFAULT_STOPWORD'
2016-05-21 03:55:12 4512 [Note] Shutting down plugin 'INNODB_METRICS'
2016-05-21 03:55:12 4512 [Note] Shutting down plugin 'INNODB_BUFFER_POOL_STATS'
2016-05-21 03:55:12 4512 [Note] Shutting down plugin 'INNODB_BUFFER_PAGE_LRU'
2016-05-21 03:55:12 4512 [Note] Shutting down plugin 'INNODB_BUFFER_PAGE'
2016-05-21 03:55:12 4512 [Note] Shutting down plugin 'INNODB_CMP_PER_INDEX_RESET'
2016-05-21 03:55:12 4512 [Note] Shutting down plugin 'INNODB_CMP_PER_INDEX'
2016-05-21 03:55:12 4512 [Note] Shutting down plugin 'INNODB_CMPMEM_RESET'
2016-05-21 03:55:12 4512 [Note] Shutting down plugin 'INNODB_CMPMEM'
2016-05-21 03:55:12 4512 [Note] Shutting down plugin 'INNODB_CMP_RESET'
2016-05-21 03:55:12 4512 [Note] Shutting down plugin 'INNODB_CMP'
2016-05-21 03:55:12 4512 [Note] Shutting down plugin 'INNODB_LOCK_WAITS'
2016-05-21 03:55:12 4512 [Note] Shutting down plugin 'INNODB_LOCKS'
2016-05-21 03:55:12 4512 [Note] Shutting down plugin 'INNODB_TRX'
2016-05-21 03:55:12 4512 [Note] Shutting down plugin 'InnoDB'
2016-05-21 03:55:12 4512 [Note] InnoDB: FTS optimize thread exiting.
2016-05-21 03:55:12 4512 [Note] InnoDB: Starting shutdown...
2016-05-21 03:55:13 4512 [Note] InnoDB: Shutdown completed; log sequence number 1978622
2016-05-21 03:55:13 4512 [Note] Shutting down plugin 'BLACKHOLE'
2016-05-21 03:55:13 4512 [Note] Shutting down plugin 'ARCHIVE'
2016-05-21 03:55:13 4512 [Note] Shutting down plugin 'MRG_MYISAM'
2016-05-21 03:55:13 4512 [Note] Shutting down plugin 'MyISAM'
2016-05-21 03:55:13 4512 [Note] Shutting down plugin 'MEMORY'
2016-05-21 03:55:13 4512 [Note] Shutting down plugin 'CSV'
2016-05-21 03:55:13 4512 [Note] Shutting down plugin 'sha256_password'
2016-05-21 03:55:13 4512 [Note] Shutting down plugin 'mysql_old_password'
2016-05-21 03:55:13 4512 [Note] Shutting down plugin 'mysql_native_password'
2016-05-21 03:55:13 4512 [Note] Shutting down plugin 'binlog'
2016-05-21 03:55:14 4512 [Note] MySQL: Shutdown complete

